============================= test session starts ==============================
platform linux -- Python 3.11.13, pytest-8.4.1, pluggy-1.6.0
django: version: 4.2.23, settings: WebSocketChatApp.test_settings (from ini)
rootdir: /home/runner/work/WebSocket-ChatApp/WebSocket-ChatApp
configfile: pytest.ini
testpaths: tests, ChatApp/tests
plugins: cov-6.2.1, asyncio-1.0.0, django-4.11.1
asyncio: mode=Mode.STRICT, asyncio_default_fixture_loop_scope=None, asyncio_default_test_loop_scope=function
collected 73 items

tests/test_additional.py .....                                           [  6%]
tests/test_auth.py ..                                                    [  9%]
tests/test_commands.py ...                                               [ 13%]
tests/test_messages.py .                                                 [ 15%]
tests/test_tasks.py ...                                                  [ 19%]
ChatApp/tests/test_audit.py ..                                           [ 21%]
ChatApp/tests/test_ephemeral.py .                                        [ 23%]
ChatApp/tests/test_expunge.py ..                                         [ 26%]
ChatApp/tests/test_fixtures.py .                                         [ 27%]
ChatApp/tests/test_forms.py ......                                       [ 35%]
ChatApp/tests/test_gdpr.py ..                                            [ 38%]
ChatApp/tests/test_integration.py .....                                  [ 45%]
ChatApp/tests/test_licensing.py ...                                      [ 49%]
ChatApp/tests/test_models.py .....                                       [ 56%]
ChatApp/tests/test_receipts.py .                                         [ 57%]
ChatApp/tests/test_retention_policy.py ..                                [ 60%]
ChatApp/tests/test_views.py .......                                      [ 69%]
tests/test_rooms.py .                                                    [ 71%]
tests/test_websocket.py ...                                              [ 75%]
tests/test_ws.py .                                                       [ 76%]
ChatApp/tests/test_consumers.py ..                                       [ 79%]
ChatApp/tests/test_dlp.py ..                                             [ 82%]
ChatApp/tests/test_sanitization.py ..                                    [ 84%]
tests/test_additional.py ...                                             [ 89%]
tests/test_asgi_wsgi.py ..                                               [ 91%]
tests/test_commands.py .                                                 [ 93%]
tests/test_console_tracer.py .                                           [ 94%]
tests/test_dlp_plugins.py ..                                             [ 97%]
tests/test_kms.py ..                                                     [100%]

=============================== warnings summary ===============================
../../../../../opt/hostedtoolcache/Python/3.11.13/x64/lib/python3.11/site-packages/pythonjsonlogger/jsonlogger.py:11
  /opt/hostedtoolcache/Python/3.11.13/x64/lib/python3.11/site-packages/pythonjsonlogger/jsonlogger.py:11: DeprecationWarning: pythonjsonlogger.jsonlogger has been moved to pythonjsonlogger.json
    warnings.warn(

../../../../../opt/hostedtoolcache/Python/3.11.13/x64/lib/python3.11/site-packages/channels/http.py:1
  /opt/hostedtoolcache/Python/3.11.13/x64/lib/python3.11/site-packages/channels/http.py:1: DeprecationWarning: 'cgi' is deprecated and slated for removal in Python 3.13
    import cgi

WebSocketChatApp/telemetry.py:24
  /home/runner/work/WebSocket-ChatApp/WebSocket-ChatApp/WebSocketChatApp/telemetry.py:24: DeprecationWarning: Call to deprecated method __init__. (Since v1.35, the Jaeger supports OTLP natively. Please use the OTLP exporter instead. Support for this exporter will end July 2023.) -- Deprecated since version 1.16.0.
    jaeger_exporter = JaegerExporter(

-- Docs: https://docs.pytest.org/en/stable/how-to/capture-warnings.html
================================ tests coverage ================================
_______________ coverage: platform linux, python 3.11.13-final-0 _______________

Name                                          Stmts   Miss  Cover   Missing
---------------------------------------------------------------------------
ChatApp/__init__.py                               0      0   100%
ChatApp/admin.py                                  1      0   100%
ChatApp/api_urls.py                               3      0   100%
ChatApp/apps.py                                   4      0   100%
ChatApp/forms.py                                 46      0   100%
ChatApp/huddle/__init__.py                        0      0   100%
ChatApp/kms.py                                   25      0   100%
ChatApp/management/__init__.py                    0      0   100%
ChatApp/management/commands/__init__.py           0      0   100%
ChatApp/management/commands/pre_stop.py          16      0   100%
ChatApp/serializers.py                            6      0   100%
ChatApp/urls.py                                   5      0   100%
WebSocketChatApp/__init__.py                      2      0   100%
WebSocketChatApp/asgi.py                          5      0   100%
WebSocketChatApp/celery.py                        6      0   100%
WebSocketChatApp/console_tracer_provider.py       7      0   100%
WebSocketChatApp/routing.py                      11      0   100%
WebSocketChatApp/settings_demo.py                23     23     0%   1-37
WebSocketChatApp/telemetry.py                    31      0   100%
WebSocketChatApp/test_settings.py                13      0   100%
WebSocketChatApp/wsgi.py                          5      0   100%
---------------------------------------------------------------------------
TOTAL                                           209     23    89%
Coverage XML written to file coverage.xml
======================= 73 passed, 3 warnings in 24.64s ========================
